<?xml version="1.0" encoding="UTF-8"?>
<!-- Generated by org.testng.reporters.JUnitReportReporter -->
<testsuite hostname="LAPTOP-D48UAL4I" failures="0" tests="2" name="firstPackage.Carloan" time="0.010" errors="0" timestamp="2025-05-10T20:04:51 IST" skipped="1">
  <testcase classname="firstPackage.Carloan" name="webLoginCarLoan" time="0.010"/>
  <testcase classname="firstPackage.Carloan" name="mobileSigninCarLoan">
    <skipped/>
  </testcase> <!-- mobileSigninCarLoan -->
</testsuite> <!-- firstPackage.Carloan -->
