<?xml version="1.0" encoding="UTF-8"?>
<!-- Generated by org.testng.reporters.JUnitReportReporter -->
<testsuite hostname="LAPTOP-D48UAL4I" failures="0" tests="1" name="firstPackage.Secondclass" time="0.001" errors="0" timestamp="2025-05-10T20:04:51 IST" skipped="0">
  <testcase classname="firstPackage.Secondclass" name="test1" time="0.001"/>
</testsuite> <!-- firstPackage.Secondclass -->
