<?xml version="1.0" encoding="UTF-8"?>
<!-- Generated by org.testng.reporters.JUnitReportReporter -->
<testsuite hostname="LAPTOP-D48UAL4I" failures="0" tests="2" name="firstDay.Day1" time="0.014" errors="0" timestamp="2025-05-09T17:33:06 IST" skipped="0">
  <testcase classname="firstDay.Day1" name="firstTest" time="0.012"/>
  <testcase classname="firstDay.Day1" name="secondTest" time="0.002"/>
</testsuite> <!-- firstDay.Day1 -->
