<?xml version="1.0" encoding="UTF-8"?>
<!-- Generated by org.testng.reporters.JUnitReportReporter -->
<testsuite hostname="LAPTOP-D48UAL4I" failures="0" tests="1" name="firstPackage.Firstclass" time="0.010" errors="0" timestamp="2025-05-10T20:04:51 IST" skipped="0">
  <testcase classname="firstPackage.Firstclass" name="secondTest" time="0.010"/>
</testsuite> <!-- firstPackage.Firstclass -->
